<?xml version="1.0" encoding="UTF-8"?>
<coverage generated="1787595330610" clover="3.2.0">
  <project timestamp="1787595330610" name="All files">
    <metrics statements="112" coveredstatements="112" conditionals="90" coveredconditionals="82" methods="26" coveredmethods="26" elements="228" coveredelements="220" complexity="0" loc="112" ncloc="112" packages="3" files="7" classes="7"/>
    <package name="engine">
      <metrics statements="78" coveredstatements="78" conditionals="67" coveredconditionals="65" methods="16" coveredmethods="16"/>
      <file name="availability-matrix.ts" path="E:\Career\hackathon\OpenAI H\irctc\src\engine\availability-matrix.ts">
        <metrics statements="8" coveredstatements="8" conditionals="3" coveredconditionals="3" methods="3" coveredmethods="3"/>
        <line num="35" count="1" type="stmt"/>
        <line num="43" count="5" type="cond" truecount="1" falsecount="0"/>
        <line num="45" count="15" type="stmt"/>
        <line num="48" count="45" type="stmt"/>
        <line num="49" count="45" type="stmt"/>
        <line num="53" count="45" type="stmt"/>
        <line num="65" count="5" type="stmt"/>
        <line num="69" count="1" type="stmt"/>
      </file>
      <file name="booking-fsm.ts" path="E:\Career\hackathon\OpenAI H\irctc\src\engine\booking-fsm.ts">
        <metrics statements="15" coveredstatements="15" conditionals="21" coveredconditionals="21" methods="3" coveredmethods="3"/>
        <line num="12" count="2" type="stmt"/>
        <line num="43" count="2" type="stmt"/>
        <line num="65" count="14" type="stmt"/>
        <line num="73" count="55" type="stmt"/>
        <line num="79" count="55" type="cond" truecount="2" falsecount="0"/>
        <line num="80" count="15" type="cond" truecount="5" falsecount="0"/>
        <line num="81" count="1" type="stmt"/>
        <line num="83" count="14" type="cond" truecount="4" falsecount="0"/>
        <line num="84" count="2" type="stmt"/>
        <line num="88" count="52" type="stmt"/>
        <line num="89" count="52" type="cond" truecount="2" falsecount="0"/>
        <line num="91" count="47" type="stmt"/>
        <line num="92" count="47" type="cond" truecount="4" falsecount="0"/>
        <line num="93" count="9" type="cond" truecount="2" falsecount="0"/>
        <line num="96" count="47" type="stmt"/>
      </file>
      <file name="cancel-matrix.ts" path="E:\Career\hackathon\OpenAI H\irctc\src\engine\cancel-matrix.ts">
        <metrics statements="22" coveredstatements="22" conditionals="19" coveredconditionals="19" methods="2" coveredmethods="2"/>
        <line num="13" count="1" type="stmt"/>
        <line num="32" count="14" type="cond" truecount="2" falsecount="0"/>
        <line num="33" count="10" type="cond" truecount="2" falsecount="0"/>
        <line num="34" count="5" type="cond" truecount="2" falsecount="0"/>
        <line num="35" count="2" type="stmt"/>
        <line num="38" count="1" type="stmt"/>
        <line num="61" count="9" type="cond" truecount="1" falsecount="0"/>
        <line num="63" count="9" type="cond" truecount="2" falsecount="0"/>
        <line num="64" count="2" type="cond" truecount="2" falsecount="0"/>
        <line num="65" count="1" type="stmt"/>
        <line num="68" count="1" type="stmt"/>
        <line num="69" count="1" type="stmt"/>
        <line num="74" count="7" type="stmt"/>
        <line num="75" count="7" type="cond" truecount="2" falsecount="0"/>
        <line num="76" count="1" type="stmt"/>
        <line num="80" count="6" type="cond" truecount="2" falsecount="0"/>
        <line num="81" count="3" type="stmt"/>
        <line num="82" count="3" type="stmt"/>
        <line num="87" count="3" type="stmt"/>
        <line num="88" count="3" type="stmt"/>
        <line num="89" count="3" type="stmt"/>
        <line num="90" count="3" type="stmt"/>
      </file>
      <file name="fare-rules.ts" path="E:\Career\hackathon\OpenAI H\irctc\src\engine\fare-rules.ts">
        <metrics statements="19" coveredstatements="19" conditionals="14" coveredconditionals="13" methods="6" coveredmethods="6"/>
        <line num="13" count="1" type="stmt"/>
        <line num="17" count="1" type="stmt"/>
        <line num="21" count="1" type="stmt"/>
        <line num="28" count="1" type="stmt"/>
        <line num="48" count="9" type="stmt"/>
        <line num="49" count="17" type="stmt"/>
        <line num="51" count="9" type="stmt"/>
        <line num="52" count="9" type="stmt"/>
        <line num="53" count="9" type="stmt"/>
        <line num="54" count="9" type="cond" truecount="3" falsecount="1"/>
        <line num="55" count="9" type="stmt"/>
        <line num="57" count="9" type="stmt"/>
        <line num="66" count="46" type="stmt"/>
        <line num="71" count="4" type="cond" truecount="2" falsecount="0"/>
        <line num="72" count="3" type="stmt"/>
        <line num="73" count="3" type="cond" truecount="2" falsecount="0"/>
        <line num="75" count="4" type="stmt"/>
        <line num="76" count="15" type="cond" truecount="2" falsecount="0"/>
        <line num="78" count="15" type="stmt"/>
      </file>
      <file name="wl-bands.ts" path="E:\Career\hackathon\OpenAI H\irctc\src\engine\wl-bands.ts">
        <metrics statements="14" coveredstatements="14" conditionals="10" coveredconditionals="9" methods="2" coveredmethods="2"/>
        <line num="33" count="123" type="stmt"/>
        <line num="35" count="123" type="cond" truecount="2" falsecount="0"/>
        <line num="36" count="12" type="stmt"/>
        <line num="39" count="111" type="stmt"/>
        <line num="41" count="111" type="stmt"/>
        <line num="43" count="111" type="cond" truecount="2" falsecount="0"/>
        <line num="44" count="1" type="stmt"/>
        <line num="45" count="1" type="stmt"/>
        <line num="49" count="110" type="stmt"/>
        <line num="52" count="110" type="cond" truecount="2" falsecount="0"/>
        <line num="53" count="61" type="cond" truecount="2" falsecount="0"/>
        <line num="54" count="25" type="stmt"/>
        <line num="56" count="110" type="stmt"/>
        <line num="66" count="2" type="stmt"/>
      </file>
    </package>
    <package name="fixtures">
      <metrics statements="21" coveredstatements="21" conditionals="23" coveredconditionals="17" methods="6" coveredmethods="6"/>
      <file name="trains.ts" path="E:\Career\hackathon\OpenAI H\irctc\src\fixtures\trains.ts">
        <metrics statements="21" coveredstatements="21" conditionals="23" coveredconditionals="17" methods="6" coveredmethods="6"/>
        <line num="11" count="3" type="stmt"/>
        <line num="25" count="24" type="stmt"/>
        <line num="26" count="24" type="stmt"/>
        <line num="27" count="24" type="stmt"/>
        <line num="30" count="3" type="stmt"/>
        <line num="34" count="24" type="stmt"/>
        <line num="43" count="3" type="stmt"/>
        <line num="55" count="3" type="stmt"/>
        <line num="66" count="3" type="stmt"/>
        <line num="71" count="3" type="cond" truecount="4" falsecount="0"/>
        <line num="72" count="1" type="stmt"/>
        <line num="83" count="57" type="cond" truecount="1" falsecount="0"/>
        <line num="84" count="57" type="stmt"/>
        <line num="85" count="57" type="stmt"/>
        <line num="89" count="57" type="cond" truecount="2" falsecount="0"/>
        <line num="91" count="18" type="cond" truecount="2" falsecount="2"/>
        <line num="92" count="18" type="cond" truecount="1" falsecount="1"/>
        <line num="96" count="39" type="cond" truecount="3" falsecount="1"/>
        <line num="97" count="39" type="cond" truecount="2" falsecount="0"/>
        <line num="102" count="57" type="stmt"/>
        <line num="109" count="9" type="stmt"/>
      </file>
    </package>
    <package name="lib">
      <metrics statements="13" coveredstatements="13" conditionals="0" coveredconditionals="0" methods="4" coveredmethods="4"/>
      <file name="rng.ts" path="E:\Career\hackathon\OpenAI H\irctc\src\lib\rng.ts">
        <metrics statements="13" coveredstatements="13" conditionals="0" coveredconditionals="0" methods="4" coveredmethods="4"/>
        <line num="10" count="171" type="stmt"/>
        <line num="11" count="171" type="stmt"/>
        <line num="12" count="376" type="stmt"/>
        <line num="13" count="376" type="stmt"/>
        <line num="14" count="376" type="stmt"/>
        <line num="15" count="376" type="stmt"/>
        <line num="16" count="376" type="stmt"/>
        <line num="22" count="171" type="stmt"/>
        <line num="23" count="171" type="stmt"/>
        <line num="24" count="3767" type="stmt"/>
        <line num="25" count="3767" type="stmt"/>
        <line num="27" count="171" type="stmt"/>
        <line num="32" count="20" type="stmt"/>
      </file>
    </package>
  </project>
</coverage>
