{"E:\\Career\\hackathon\\OpenAI H\\irctc\\src\\engine\\booking-fsm.ts": {"path":"E:\\Career\\hackathon\\OpenAI H\\irctc\\src\\engine\\booking-fsm.ts","statementMap":{"0":{"start":{"line":12,"column":24},"end":{"line":15,"column":null}},"1":{"start":{"line":43,"column":83},"end":{"line":57,"column":null}},"2":{"start":{"line":65,"column":2},"end":{"line":65,"column":null}},"3":{"start":{"line":73,"column":8},"end":{"line":76,"column":null}},"4":{"start":{"line":73,"column":52},"end":{"line":76,"column":null}},"5":{"start":{"line":79,"column":2},"end":{"line":86,"column":null}},"6":{"start":{"line":80,"column":4},"end":{"line":82,"column":null}},"7":{"start":{"line":81,"column":6},"end":{"line":81,"column":null}},"8":{"start":{"line":83,"column":4},"end":{"line":85,"column":null}},"9":{"start":{"line":84,"column":6},"end":{"line":84,"column":null}},"10":{"start":{"line":88,"column":15},"end":{"line":88,"column":null}},"11":{"start":{"line":89,"column":2},"end":{"line":89,"column":null}},"12":{"start":{"line":89,"column":13},"end":{"line":89,"column":null}},"13":{"start":{"line":91,"column":17},"end":{"line":91,"column":null}},"14":{"start":{"line":92,"column":2},"end":{"line":94,"column":null}},"15":{"start":{"line":93,"column":4},"end":{"line":93,"column":null}},"16":{"start":{"line":96,"column":2},"end":{"line":102,"column":null}}},"fnMap":{"0":{"name":"createMachine","decl":{"start":{"line":64,"column":16},"end":{"line":64,"column":30}},"loc":{"start":{"line":64,"column":62},"end":{"line":66,"column":null}},"line":64},"1":{"name":"reduce","decl":{"start":{"line":72,"column":16},"end":{"line":72,"column":23}},"loc":{"start":{"line":72,"column":88},"end":{"line":103,"column":null}},"line":72},"2":{"name":"(anonymous_2)","decl":{"start":{"line":73,"column":8},"end":{"line":73,"column":17}},"loc":{"start":{"line":73,"column":52},"end":{"line":76,"column":null}},"line":73}},"branchMap":{"0":{"loc":{"start":{"line":79,"column":2},"end":{"line":86,"column":null}},"type":"if","locations":[{"start":{"line":79,"column":2},"end":{"line":86,"column":null}},{"start":{},"end":{}}],"line":79},"1":{"loc":{"start":{"line":80,"column":4},"end":{"line":82,"column":null}},"type":"if","locations":[{"start":{"line":80,"column":4},"end":{"line":82,"column":null}},{"start":{},"end":{}}],"line":80},"2":{"loc":{"start":{"line":80,"column":8},"end":{"line":80,"column":96}},"type":"binary-expr","locations":[{"start":{"line":80,"column":8},"end":{"line":80,"column":28}},{"start":{"line":80,"column":28},"end":{"line":80,"column":70}},{"start":{"line":80,"column":70},"end":{"line":80,"column":96}}],"line":80},"3":{"loc":{"start":{"line":83,"column":4},"end":{"line":85,"column":null}},"type":"if","locations":[{"start":{"line":83,"column":4},"end":{"line":85,"column":null}},{"start":{},"end":{}}],"line":83},"4":{"loc":{"start":{"line":83,"column":8},"end":{"line":83,"column":76}},"type":"binary-expr","locations":[{"start":{"line":83,"column":8},"end":{"line":83,"column":50}},{"start":{"line":83,"column":50},"end":{"line":83,"column":76}}],"line":83},"5":{"loc":{"start":{"line":89,"column":2},"end":{"line":89,"column":null}},"type":"if","locations":[{"start":{"line":89,"column":2},"end":{"line":89,"column":null}},{"start":{},"end":{}}],"line":89},"6":{"loc":{"start":{"line":92,"column":2},"end":{"line":94,"column":null}},"type":"if","locations":[{"start":{"line":92,"column":2},"end":{"line":94,"column":null}},{"start":{},"end":{}}],"line":92},"7":{"loc":{"start":{"line":92,"column":6},"end":{"line":92,"column":60}},"type":"binary-expr","locations":[{"start":{"line":92,"column":6},"end":{"line":92,"column":42}},{"start":{"line":92,"column":42},"end":{"line":92,"column":60}}],"line":92},"8":{"loc":{"start":{"line":93,"column":51},"end":{"line":93,"column":86}},"type":"binary-expr","locations":[{"start":{"line":93,"column":51},"end":{"line":93,"column":81}},{"start":{"line":93,"column":81},"end":{"line":93,"column":86}}],"line":93},"9":{"loc":{"start":{"line":99,"column":20},"end":{"line":99,"column":null}},"type":"cond-expr","locations":[{"start":{"line":99,"column":54},"end":{"line":99,"column":74}},{"start":{"line":99,"column":74},"end":{"line":99,"column":null}}],"line":99}},"s":{"0":2,"1":2,"2":14,"3":55,"4":6,"5":55,"6":15,"7":1,"8":14,"9":2,"10":52,"11":52,"12":5,"13":47,"14":47,"15":9,"16":47},"f":{"0":14,"1":55,"2":6},"b":{"0":[15,40],"1":[1,14],"2":[15,3,1],"3":[2,12],"4":[14,2],"5":[5,47],"6":[9,38],"7":[47,9],"8":[9,9],"9":[11,36]},"meta":{"lastBranch":10,"lastFunction":3,"lastStatement":17,"seen":{"s:12:24:15:Infinity":0,"s:43:83:57:Infinity":1,"f:64:16:64:30":0,"s:65:2:65:Infinity":2,"f:72:16:72:23":1,"s:73:8:76:Infinity":3,"f:73:8:73:17":2,"s:73:52:76:Infinity":4,"b:79:2:86:Infinity:undefined:undefined:undefined:undefined":0,"s:79:2:86:Infinity":5,"b:80:4:82:Infinity:undefined:undefined:undefined:undefined":1,"s:80:4:82:Infinity":6,"b:80:8:80:28:80:28:80:70:80:70:80:96":2,"s:81:6:81:Infinity":7,"b:83:4:85:Infinity:undefined:undefined:undefined:undefined":3,"s:83:4:85:Infinity":8,"b:83:8:83:50:83:50:83:76":4,"s:84:6:84:Infinity":9,"s:88:15:88:Infinity":10,"b:89:2:89:Infinity:undefined:undefined:undefined:undefined":5,"s:89:2:89:Infinity":11,"s:89:13:89:Infinity":12,"s:91:17:91:Infinity":13,"b:92:2:94:Infinity:undefined:undefined:undefined:undefined":6,"s:92:2:94:Infinity":14,"b:92:6:92:42:92:42:92:60":7,"s:93:4:93:Infinity":15,"b:93:51:93:81:93:81:93:86":8,"s:96:2:102:Infinity":16,"b:99:54:99:74:99:74:99:Infinity":9},"fnNames":{}}}
,"E:\\Career\\hackathon\\OpenAI H\\irctc\\src\\engine\\cancel-matrix.ts": {"path":"E:\\Career\\hackathon\\OpenAI H\\irctc\\src\\engine\\cancel-matrix.ts","statementMap":{"0":{"start":{"line":13,"column":62},"end":{"line":22,"column":null}},"1":{"start":{"line":32,"column":2},"end":{"line":32,"column":null}},"2":{"start":{"line":32,"column":33},"end":{"line":32,"column":null}},"3":{"start":{"line":33,"column":2},"end":{"line":33,"column":null}},"4":{"start":{"line":33,"column":33},"end":{"line":33,"column":null}},"5":{"start":{"line":34,"column":2},"end":{"line":34,"column":null}},"6":{"start":{"line":34,"column":33},"end":{"line":34,"column":null}},"7":{"start":{"line":35,"column":2},"end":{"line":35,"column":null}},"8":{"start":{"line":38,"column":80},"end":{"line":41,"column":null}},"9":{"start":{"line":61,"column":103},"end":{"line":61,"column":null}},"10":{"start":{"line":63,"column":2},"end":{"line":72,"column":null}},"11":{"start":{"line":64,"column":4},"end":{"line":67,"column":null}},"12":{"start":{"line":65,"column":6},"end":{"line":66,"column":null}},"13":{"start":{"line":68,"column":16},"end":{"line":68,"column":null}},"14":{"start":{"line":69,"column":4},"end":{"line":71,"column":null}},"15":{"start":{"line":74,"column":12},"end":{"line":74,"column":null}},"16":{"start":{"line":75,"column":2},"end":{"line":79,"column":null}},"17":{"start":{"line":76,"column":4},"end":{"line":78,"column":null}},"18":{"start":{"line":80,"column":2},"end":{"line":86,"column":null}},"19":{"start":{"line":81,"column":17},"end":{"line":81,"column":null}},"20":{"start":{"line":82,"column":4},"end":{"line":85,"column":null}},"21":{"start":{"line":87,"column":23},"end":{"line":87,"column":null}},"22":{"start":{"line":88,"column":18},"end":{"line":88,"column":null}},"23":{"start":{"line":89,"column":20},"end":{"line":89,"column":null}},"24":{"start":{"line":90,"column":2},"end":{"line":97,"column":null}}},"fnMap":{"0":{"name":"windowFor","decl":{"start":{"line":31,"column":16},"end":{"line":31,"column":26}},"loc":{"start":{"line":31,"column":70},"end":{"line":36,"column":null}},"line":31},"1":{"name":"refundQuote","decl":{"start":{"line":60,"column":16},"end":{"line":60,"column":28}},"loc":{"start":{"line":60,"column":65},"end":{"line":98,"column":null}},"line":60}},"branchMap":{"0":{"loc":{"start":{"line":32,"column":2},"end":{"line":32,"column":null}},"type":"if","locations":[{"start":{"line":32,"column":2},"end":{"line":32,"column":null}},{"start":{},"end":{}}],"line":32},"1":{"loc":{"start":{"line":33,"column":2},"end":{"line":33,"column":null}},"type":"if","locations":[{"start":{"line":33,"column":2},"end":{"line":33,"column":null}},{"start":{},"end":{}}],"line":33},"2":{"loc":{"start":{"line":34,"column":2},"end":{"line":34,"column":null}},"type":"if","locations":[{"start":{"line":34,"column":2},"end":{"line":34,"column":null}},{"start":{},"end":{}}],"line":34},"3":{"loc":{"start":{"line":61,"column":78},"end":{"line":61,"column":103}},"type":"default-arg","locations":[{"start":{"line":61,"column":87},"end":{"line":61,"column":103}}],"line":61},"4":{"loc":{"start":{"line":63,"column":2},"end":{"line":72,"column":null}},"type":"if","locations":[{"start":{"line":63,"column":2},"end":{"line":72,"column":null}},{"start":{},"end":{}}],"line":63},"5":{"loc":{"start":{"line":64,"column":4},"end":{"line":67,"column":null}},"type":"if","locations":[{"start":{"line":64,"column":4},"end":{"line":67,"column":null}},{"start":{},"end":{}}],"line":64},"6":{"loc":{"start":{"line":75,"column":2},"end":{"line":79,"column":null}},"type":"if","locations":[{"start":{"line":75,"column":2},"end":{"line":79,"column":null}},{"start":{},"end":{}}],"line":75},"7":{"loc":{"start":{"line":80,"column":2},"end":{"line":86,"column":null}},"type":"if","locations":[{"start":{"line":80,"column":2},"end":{"line":86,"column":null}},{"start":{},"end":{}}],"line":80},"8":{"loc":{"start":{"line":92,"column":10},"end":{"line":94,"column":null}},"type":"cond-expr","locations":[{"start":{"line":93,"column":8},"end":{"line":93,"column":null}},{"start":{"line":94,"column":8},"end":{"line":94,"column":null}}],"line":92},"9":{"loc":{"start":{"line":95,"column":12},"end":{"line":97,"column":54}},"type":"cond-expr","locations":[{"start":{"line":96,"column":8},"end":{"line":96,"column":null}},{"start":{"line":97,"column":8},"end":{"line":97,"column":54}}],"line":95}},"s":{"0":1,"1":14,"2":4,"3":10,"4":5,"5":5,"6":3,"7":2,"8":1,"9":9,"10":9,"11":2,"12":1,"13":1,"14":1,"15":7,"16":7,"17":1,"18":6,"19":3,"20":3,"21":3,"22":3,"23":3,"24":3},"f":{"0":14,"1":9},"b":{"0":[4,10],"1":[5,5],"2":[3,2],"3":[9],"4":[2,7],"5":[1,1],"6":[1,6],"7":[3,3],"8":[2,1],"9":[2,1]},"meta":{"lastBranch":10,"lastFunction":2,"lastStatement":25,"seen":{"s:13:62:22:Infinity":0,"f:31:16:31:26":0,"b:32:2:32:Infinity:undefined:undefined:undefined:undefined":0,"s:32:2:32:Infinity":1,"s:32:33:32:Infinity":2,"b:33:2:33:Infinity:undefined:undefined:undefined:undefined":1,"s:33:2:33:Infinity":3,"s:33:33:33:Infinity":4,"b:34:2:34:Infinity:undefined:undefined:undefined:undefined":2,"s:34:2:34:Infinity":5,"s:34:33:34:Infinity":6,"s:35:2:35:Infinity":7,"s:38:80:41:Infinity":8,"f:60:16:60:28":1,"s:61:103:61:Infinity":9,"b:61:87:61:103":3,"b:63:2:72:Infinity:undefined:undefined:undefined:undefined":4,"s:63:2:72:Infinity":10,"b:64:4:67:Infinity:undefined:undefined:undefined:undefined":5,"s:64:4:67:Infinity":11,"s:65:6:66:Infinity":12,"s:68:16:68:Infinity":13,"s:69:4:71:Infinity":14,"s:74:12:74:Infinity":15,"b:75:2:79:Infinity:undefined:undefined:undefined:undefined":6,"s:75:2:79:Infinity":16,"s:76:4:78:Infinity":17,"b:80:2:86:Infinity:undefined:undefined:undefined:undefined":7,"s:80:2:86:Infinity":18,"s:81:17:81:Infinity":19,"s:82:4:85:Infinity":20,"s:87:23:87:Infinity":21,"s:88:18:88:Infinity":22,"s:89:20:89:Infinity":23,"s:90:2:97:Infinity":24,"b:93:8:93:Infinity:94:8:94:Infinity":8,"b:96:8:96:Infinity:97:8:97:54":9},"fnNames":{}}}
,"E:\\Career\\hackathon\\OpenAI H\\irctc\\src\\engine\\fare-rules.ts": {"path":"E:\\Career\\hackathon\\OpenAI H\\irctc\\src\\engine\\fare-rules.ts","statementMap":{"0":{"start":{"line":13,"column":53},"end":{"line":15,"column":null}},"1":{"start":{"line":17,"column":25},"end":{"line":17,"column":null}},"2":{"start":{"line":21,"column":59},"end":{"line":26,"column":null}},"3":{"start":{"line":28,"column":46},"end":{"line":28,"column":null}},"4":{"start":{"line":48,"column":57},"end":{"line":48,"column":null}},"5":{"start":{"line":49,"column":21},"end":{"line":49,"column":null}},"6":{"start":{"line":49,"column":44},"end":{"line":49,"column":54}},"7":{"start":{"line":51,"column":15},"end":{"line":51,"column":null}},"8":{"start":{"line":52,"column":22},"end":{"line":52,"column":null}},"9":{"start":{"line":53,"column":14},"end":{"line":53,"column":null}},"10":{"start":{"line":54,"column":19},"end":{"line":54,"column":null}},"11":{"start":{"line":55,"column":20},"end":{"line":55,"column":null}},"12":{"start":{"line":57,"column":16},"end":{"line":64,"column":null}},"13":{"start":{"line":66,"column":2},"end":{"line":66,"column":null}},"14":{"start":{"line":66,"column":53},"end":{"line":66,"column":72}},"15":{"start":{"line":71,"column":2},"end":{"line":71,"column":null}},"16":{"start":{"line":71,"column":25},"end":{"line":71,"column":null}},"17":{"start":{"line":72,"column":14},"end":{"line":72,"column":null}},"18":{"start":{"line":73,"column":16},"end":{"line":74,"column":null}},"19":{"start":{"line":75,"column":16},"end":{"line":77,"column":null}},"20":{"start":{"line":76,"column":4},"end":{"line":76,"column":null}},"21":{"start":{"line":78,"column":2},"end":{"line":78,"column":null}},"22":{"start":{"line":78,"column":53},"end":{"line":78,"column":72}}},"fnMap":{"0":{"name":"computeFare","decl":{"start":{"line":47,"column":16},"end":{"line":47,"column":28}},"loc":{"start":{"line":47,"column":65},"end":{"line":67,"column":null}},"line":47},"1":{"name":"(anonymous_1)","decl":{"start":{"line":49,"column":32},"end":{"line":49,"column":39}},"loc":{"start":{"line":49,"column":44},"end":{"line":49,"column":54}},"line":49},"2":{"name":"(anonymous_2)","decl":{"start":{"line":66,"column":36},"end":{"line":66,"column":44}},"loc":{"start":{"line":66,"column":53},"end":{"line":66,"column":72}},"line":66},"3":{"name":"withMethodFee","decl":{"start":{"line":70,"column":16},"end":{"line":70,"column":30}},"loc":{"start":{"line":70,"column":90},"end":{"line":79,"column":null}},"line":70},"4":{"name":"(anonymous_4)","decl":{"start":{"line":75,"column":32},"end":{"line":75,"column":36}},"loc":{"start":{"line":76,"column":4},"end":{"line":76,"column":null}},"line":76},"5":{"name":"(anonymous_5)","decl":{"start":{"line":78,"column":36},"end":{"line":78,"column":44}},"loc":{"start":{"line":78,"column":53},"end":{"line":78,"column":72}},"line":78}},"branchMap":{"0":{"loc":{"start":{"line":54,"column":19},"end":{"line":54,"column":null}},"type":"cond-expr","locations":[{"start":{"line":54,"column":36},"end":{"line":54,"column":43}},{"start":{"line":54,"column":43},"end":{"line":54,"column":null}}],"line":54},"1":{"loc":{"start":{"line":54,"column":43},"end":{"line":54,"column":null}},"type":"cond-expr","locations":[{"start":{"line":54,"column":60},"end":{"line":54,"column":68}},{"start":{"line":54,"column":68},"end":{"line":54,"column":null}}],"line":54},"2":{"loc":{"start":{"line":61,"column":8},"end":{"line":61,"column":null}},"type":"cond-expr","locations":[{"start":{"line":61,"column":19},"end":{"line":61,"column":81}},{"start":{"line":61,"column":81},"end":{"line":61,"column":null}}],"line":61},"3":{"loc":{"start":{"line":71,"column":2},"end":{"line":71,"column":null}},"type":"if","locations":[{"start":{"line":71,"column":2},"end":{"line":71,"column":null}},{"start":{},"end":{}}],"line":71},"4":{"loc":{"start":{"line":73,"column":16},"end":{"line":74,"column":null}},"type":"cond-expr","locations":[{"start":{"line":73,"column":35},"end":{"line":73,"column":null}},{"start":{"line":74,"column":16},"end":{"line":74,"column":null}}],"line":73},"5":{"loc":{"start":{"line":74,"column":16},"end":{"line":74,"column":null}},"type":"cond-expr","locations":[{"start":{"line":74,"column":36},"end":{"line":74,"column":63}},{"start":{"line":74,"column":63},"end":{"line":74,"column":null}}],"line":74},"6":{"loc":{"start":{"line":76,"column":4},"end":{"line":76,"column":null}},"type":"cond-expr","locations":[{"start":{"line":76,"column":44},"end":{"line":76,"column":105}},{"start":{"line":76,"column":105},"end":{"line":76,"column":null}}],"line":76}},"s":{"0":1,"1":1,"2":1,"3":1,"4":9,"5":9,"6":17,"7":9,"8":9,"9":9,"10":9,"11":9,"12":9,"13":9,"14":46,"15":4,"16":1,"17":3,"18":3,"19":4,"20":15,"21":4,"22":15},"f":{"0":9,"1":17,"2":46,"3":4,"4":15,"5":15},"b":{"0":[1,8],"1":[0,8],"2":[1,8],"3":[1,3],"4":[1,2],"5":[1,1],"6":[3,12]},"meta":{"lastBranch":7,"lastFunction":6,"lastStatement":23,"seen":{"s:13:53:15:Infinity":0,"s:17:25:17:Infinity":1,"s:21:59:26:Infinity":2,"s:28:46:28:Infinity":3,"f:47:16:47:28":0,"s:48:57:48:Infinity":4,"s:49:21:49:Infinity":5,"f:49:32:49:39":1,"s:49:44:49:54":6,"s:51:15:51:Infinity":7,"s:52:22:52:Infinity":8,"s:53:14:53:Infinity":9,"s:54:19:54:Infinity":10,"b:54:36:54:43:54:43:54:Infinity":0,"b:54:60:54:68:54:68:54:Infinity":1,"s:55:20:55:Infinity":11,"s:57:16:64:Infinity":12,"b:61:19:61:81:61:81:61:Infinity":2,"s:66:2:66:Infinity":13,"f:66:36:66:44":2,"s:66:53:66:72":14,"f:70:16:70:30":3,"b:71:2:71:Infinity:undefined:undefined:undefined:undefined":3,"s:71:2:71:Infinity":15,"s:71:25:71:Infinity":16,"s:72:14:72:Infinity":17,"s:73:16:74:Infinity":18,"b:73:35:73:Infinity:74:16:74:Infinity":4,"b:74:36:74:63:74:63:74:Infinity":5,"s:75:16:77:Infinity":19,"f:75:32:75:36":4,"s:76:4:76:Infinity":20,"b:76:44:76:105:76:105:76:Infinity":6,"s:78:2:78:Infinity":21,"f:78:36:78:44":5,"s:78:53:78:72":22},"fnNames":{}}}
,"E:\\Career\\hackathon\\OpenAI H\\irctc\\src\\engine\\wl-bands.ts": {"path":"E:\\Career\\hackathon\\OpenAI H\\irctc\\src\\engine\\wl-bands.ts","statementMap":{"0":{"start":{"line":33,"column":75},"end":{"line":33,"column":null}},"1":{"start":{"line":35,"column":2},"end":{"line":37,"column":null}},"2":{"start":{"line":36,"column":4},"end":{"line":36,"column":null}},"3":{"start":{"line":39,"column":14},"end":{"line":39,"column":null}},"4":{"start":{"line":41,"column":15},"end":{"line":41,"column":null}},"5":{"start":{"line":43,"column":2},"end":{"line":46,"column":null}},"6":{"start":{"line":44,"column":16},"end":{"line":44,"column":null}},"7":{"start":{"line":45,"column":4},"end":{"line":45,"column":null}},"8":{"start":{"line":49,"column":16},"end":{"line":49,"column":null}},"9":{"start":{"line":52,"column":2},"end":{"line":54,"column":null}},"10":{"start":{"line":52,"column":27},"end":{"line":52,"column":62}},"11":{"start":{"line":52,"column":62},"end":{"line":52,"column":80}},"12":{"start":{"line":53,"column":7},"end":{"line":54,"column":null}},"13":{"start":{"line":53,"column":27},"end":{"line":53,"column":62}},"14":{"start":{"line":53,"column":62},"end":{"line":53,"column":82}},"15":{"start":{"line":54,"column":27},"end":{"line":54,"column":62}},"16":{"start":{"line":54,"column":62},"end":{"line":54,"column":79}},"17":{"start":{"line":56,"column":2},"end":{"line":61,"column":null}},"18":{"start":{"line":66,"column":2},"end":{"line":66,"column":null}}},"fnMap":{"0":{"name":"confirmBand","decl":{"start":{"line":25,"column":16},"end":{"line":25,"column":28}},"loc":{"start":{"line":32,"column":15},"end":{"line":62,"column":null}},"line":32},"1":{"name":"bandMonotonic","decl":{"start":{"line":65,"column":16},"end":{"line":65,"column":30}},"loc":{"start":{"line":65,"column":73},"end":{"line":67,"column":null}},"line":65}},"branchMap":{"0":{"loc":{"start":{"line":35,"column":2},"end":{"line":37,"column":null}},"type":"if","locations":[{"start":{"line":35,"column":2},"end":{"line":37,"column":null}},{"start":{},"end":{}}],"line":35},"1":{"loc":{"start":{"line":43,"column":2},"end":{"line":46,"column":null}},"type":"if","locations":[{"start":{"line":43,"column":2},"end":{"line":46,"column":null}},{"start":{},"end":{}}],"line":43},"2":{"loc":{"start":{"line":52,"column":2},"end":{"line":54,"column":null}},"type":"if","locations":[{"start":{"line":52,"column":2},"end":{"line":54,"column":null}},{"start":{"line":53,"column":7},"end":{"line":54,"column":null}}],"line":52},"3":{"loc":{"start":{"line":53,"column":7},"end":{"line":54,"column":null}},"type":"if","locations":[{"start":{"line":53,"column":7},"end":{"line":54,"column":null}},{"start":{"line":54,"column":25},"end":{"line":54,"column":null}}],"line":53},"4":{"loc":{"start":{"line":58,"column":15},"end":{"line":58,"column":null}},"type":"cond-expr","locations":[{"start":{"line":58,"column":27},"end":{"line":58,"column":52}},{"start":{"line":58,"column":52},"end":{"line":58,"column":null}}],"line":58}},"s":{"0":78,"1":78,"2":2,"3":76,"4":76,"5":76,"6":1,"7":1,"8":75,"9":75,"10":34,"11":34,"12":41,"13":26,"14":26,"15":15,"16":15,"17":75,"18":2},"f":{"0":78,"1":2},"b":{"0":[2,76],"1":[1,75],"2":[34,41],"3":[26,15],"4":[75,0]},"meta":{"lastBranch":5,"lastFunction":2,"lastStatement":19,"seen":{"f:25:16:25:28":0,"s:33:75:33:Infinity":0,"b:35:2:37:Infinity:undefined:undefined:undefined:undefined":0,"s:35:2:37:Infinity":1,"s:36:4:36:Infinity":2,"s:39:14:39:Infinity":3,"s:41:15:41:Infinity":4,"b:43:2:46:Infinity:undefined:undefined:undefined:undefined":1,"s:43:2:46:Infinity":5,"s:44:16:44:Infinity":6,"s:45:4:45:Infinity":7,"s:49:16:49:Infinity":8,"b:52:2:54:Infinity:53:7:54:Infinity":2,"s:52:2:54:Infinity":9,"s:52:27:52:62":10,"s:52:62:52:80":11,"b:53:7:54:Infinity:54:25:54:Infinity":3,"s:53:7:54:Infinity":12,"s:53:27:53:62":13,"s:53:62:53:82":14,"s:54:27:54:62":15,"s:54:62:54:79":16,"s:56:2:61:Infinity":17,"b:58:27:58:52:58:52:58:Infinity":4,"f:65:16:65:30":1,"s:66:2:66:Infinity":18},"fnNames":{}}}
,"E:\\Career\\hackathon\\OpenAI H\\irctc\\src\\fixtures\\trains.ts": {"path":"E:\\Career\\hackathon\\OpenAI H\\irctc\\src\\fixtures\\trains.ts","statementMap":{"0":{"start":{"line":11,"column":24},"end":{"line":22,"column":null}},"1":{"start":{"line":25,"column":19},"end":{"line":25,"column":null}},"2":{"start":{"line":26,"column":19},"end":{"line":26,"column":null}},"3":{"start":{"line":27,"column":2},"end":{"line":27,"column":null}},"4":{"start":{"line":30,"column":6},"end":{"line":40,"column":null}},"5":{"start":{"line":34,"column":20},"end":{"line":40,"column":null}},"6":{"start":{"line":43,"column":42},"end":{"line":52,"column":null}},"7":{"start":{"line":55,"column":60},"end":{"line":64,"column":null}},"8":{"start":{"line":66,"column":56},"end":{"line":68,"column":null}},"9":{"start":{"line":71,"column":2},"end":{"line":71,"column":null}},"10":{"start":{"line":71,"column":70},"end":{"line":71,"column":null}},"11":{"start":{"line":72,"column":2},"end":{"line":72,"column":null}},"12":{"start":{"line":83,"column":77},"end":{"line":83,"column":null}},"13":{"start":{"line":84,"column":14},"end":{"line":84,"column":null}},"14":{"start":{"line":85,"column":15},"end":{"line":85,"column":null}},"15":{"start":{"line":89,"column":2},"end":{"line":100,"column":null}},"16":{"start":{"line":91,"column":4},"end":{"line":91,"column":null}},"17":{"start":{"line":92,"column":4},"end":{"line":94,"column":null}},"18":{"start":{"line":96,"column":4},"end":{"line":96,"column":null}},"19":{"start":{"line":97,"column":4},"end":{"line":99,"column":null}},"20":{"start":{"line":102,"column":2},"end":{"line":105,"column":null}},"21":{"start":{"line":109,"column":2},"end":{"line":109,"column":null}},"22":{"start":{"line":109,"column":30},"end":{"line":109,"column":49}}},"fnMap":{"0":{"name":"durMin","decl":{"start":{"line":24,"column":9},"end":{"line":24,"column":16}},"loc":{"start":{"line":24,"column":50},"end":{"line":28,"column":null}},"line":24},"1":{"name":"(anonymous_1)","decl":{"start":{"line":30,"column":6},"end":{"line":30,"column":null}},"loc":{"start":{"line":34,"column":20},"end":{"line":40,"column":null}},"line":34},"2":{"name":"classesFor","decl":{"start":{"line":70,"column":16},"end":{"line":70,"column":27}},"loc":{"start":{"line":70,"column":63},"end":{"line":73,"column":null}},"line":70},"3":{"name":"availabilityFor","decl":{"start":{"line":79,"column":16},"end":{"line":79,"column":32}},"loc":{"start":{"line":82,"column":55},"end":{"line":106,"column":null}},"line":82},"4":{"name":"findTrain","decl":{"start":{"line":108,"column":16},"end":{"line":108,"column":26}},"loc":{"start":{"line":108,"column":68},"end":{"line":110,"column":null}},"line":108},"5":{"name":"(anonymous_5)","decl":{"start":{"line":109,"column":20},"end":{"line":109,"column":25}},"loc":{"start":{"line":109,"column":30},"end":{"line":109,"column":49}},"line":109}},"branchMap":{"0":{"loc":{"start":{"line":71,"column":2},"end":{"line":71,"column":null}},"type":"if","locations":[{"start":{"line":71,"column":2},"end":{"line":71,"column":null}},{"start":{},"end":{}}],"line":71},"1":{"loc":{"start":{"line":71,"column":6},"end":{"line":71,"column":70}},"type":"binary-expr","locations":[{"start":{"line":71,"column":6},"end":{"line":71,"column":39}},{"start":{"line":71,"column":39},"end":{"line":71,"column":70}}],"line":71},"2":{"loc":{"start":{"line":83,"column":56},"end":{"line":83,"column":77}},"type":"default-arg","locations":[{"start":{"line":83,"column":70},"end":{"line":83,"column":77}}],"line":83},"3":{"loc":{"start":{"line":89,"column":2},"end":{"line":100,"column":null}},"type":"if","locations":[{"start":{"line":89,"column":2},"end":{"line":100,"column":null}},{"start":{"line":95,"column":9},"end":{"line":100,"column":null}}],"line":89},"4":{"loc":{"start":{"line":91,"column":11},"end":{"line":91,"column":null}},"type":"cond-expr","locations":[{"start":{"line":91,"column":25},"end":{"line":91,"column":39}},{"start":{"line":91,"column":39},"end":{"line":91,"column":null}}],"line":91},"5":{"loc":{"start":{"line":91,"column":39},"end":{"line":91,"column":null}},"type":"cond-expr","locations":[{"start":{"line":91,"column":53},"end":{"line":91,"column":61}},{"start":{"line":91,"column":61},"end":{"line":91,"column":null}}],"line":91},"6":{"loc":{"start":{"line":92,"column":12},"end":{"line":94,"column":null}},"type":"cond-expr","locations":[{"start":{"line":92,"column":35},"end":{"line":92,"column":null}},{"start":{"line":93,"column":12},"end":{"line":94,"column":null}}],"line":92},"7":{"loc":{"start":{"line":93,"column":12},"end":{"line":94,"column":null}},"type":"cond-expr","locations":[{"start":{"line":93,"column":29},"end":{"line":93,"column":null}},{"start":{"line":94,"column":12},"end":{"line":94,"column":null}}],"line":93},"8":{"loc":{"start":{"line":96,"column":11},"end":{"line":96,"column":null}},"type":"cond-expr","locations":[{"start":{"line":96,"column":25},"end":{"line":96,"column":39}},{"start":{"line":96,"column":39},"end":{"line":96,"column":null}}],"line":96},"9":{"loc":{"start":{"line":96,"column":39},"end":{"line":96,"column":null}},"type":"cond-expr","locations":[{"start":{"line":96,"column":53},"end":{"line":96,"column":61}},{"start":{"line":96,"column":61},"end":{"line":96,"column":null}}],"line":96},"10":{"loc":{"start":{"line":97,"column":12},"end":{"line":99,"column":null}},"type":"cond-expr","locations":[{"start":{"line":97,"column":35},"end":{"line":97,"column":null}},{"start":{"line":98,"column":12},"end":{"line":99,"column":null}}],"line":97},"11":{"loc":{"start":{"line":98,"column":12},"end":{"line":99,"column":null}},"type":"cond-expr","locations":[{"start":{"line":98,"column":29},"end":{"line":98,"column":null}},{"start":{"line":99,"column":12},"end":{"line":99,"column":null}}],"line":98}},"s":{"0":2,"1":16,"2":16,"3":16,"4":2,"5":16,"6":2,"7":2,"8":2,"9":3,"10":2,"11":1,"12":12,"13":12,"14":12,"15":12,"16":3,"17":3,"18":9,"19":9,"20":12,"21":2,"22":9},"f":{"0":16,"1":16,"2":3,"3":12,"4":2,"5":9},"b":{"0":[2,1],"1":[3,2],"2":[12],"3":[3,9],"4":[0,3],"5":[0,3],"6":[0,3],"7":[0,3],"8":[4,5],"9":[0,5],"10":[4,5],"11":[0,5]},"meta":{"lastBranch":12,"lastFunction":6,"lastStatement":23,"seen":{"s:11:24:22:Infinity":0,"f:24:9:24:16":0,"s:25:19:25:Infinity":1,"s:26:19:26:Infinity":2,"s:27:2:27:Infinity":3,"s:30:6:40:Infinity":4,"f:30:6:30:Infinity":1,"s:34:20:40:Infinity":5,"s:43:42:52:Infinity":6,"s:55:60:64:Infinity":7,"s:66:56:68:Infinity":8,"f:70:16:70:27":2,"b:71:2:71:Infinity:undefined:undefined:undefined:undefined":0,"s:71:2:71:Infinity":9,"b:71:6:71:39:71:39:71:70":1,"s:71:70:71:Infinity":10,"s:72:2:72:Infinity":11,"f:79:16:79:32":3,"s:83:77:83:Infinity":12,"b:83:70:83:77":2,"s:84:14:84:Infinity":13,"s:85:15:85:Infinity":14,"b:89:2:100:Infinity:95:9:100:Infinity":3,"s:89:2:100:Infinity":15,"s:91:4:91:Infinity":16,"b:91:25:91:39:91:39:91:Infinity":4,"b:91:53:91:61:91:61:91:Infinity":5,"s:92:4:94:Infinity":17,"b:92:35:92:Infinity:93:12:94:Infinity":6,"b:93:29:93:Infinity:94:12:94:Infinity":7,"s:96:4:96:Infinity":18,"b:96:25:96:39:96:39:96:Infinity":8,"b:96:53:96:61:96:61:96:Infinity":9,"s:97:4:99:Infinity":19,"b:97:35:97:Infinity:98:12:99:Infinity":10,"b:98:29:98:Infinity:99:12:99:Infinity":11,"s:102:2:105:Infinity":20,"f:108:16:108:26":4,"s:109:2:109:Infinity":21,"f:109:20:109:25":5,"s:109:30:109:49":22},"fnNames":{}}}
,"E:\\Career\\hackathon\\OpenAI H\\irctc\\src\\lib\\rng.ts": {"path":"E:\\Career\\hackathon\\OpenAI H\\irctc\\src\\lib\\rng.ts","statementMap":{"0":{"start":{"line":10,"column":10},"end":{"line":10,"column":null}},"1":{"start":{"line":11,"column":2},"end":{"line":17,"column":null}},"2":{"start":{"line":12,"column":4},"end":{"line":12,"column":null}},"3":{"start":{"line":13,"column":4},"end":{"line":13,"column":null}},"4":{"start":{"line":14,"column":12},"end":{"line":14,"column":null}},"5":{"start":{"line":15,"column":4},"end":{"line":15,"column":null}},"6":{"start":{"line":16,"column":4},"end":{"line":16,"column":null}},"7":{"start":{"line":22,"column":10},"end":{"line":22,"column":null}},"8":{"start":{"line":23,"column":2},"end":{"line":26,"column":null}},"9":{"start":{"line":23,"column":15},"end":{"line":23,"column":18}},"10":{"start":{"line":24,"column":4},"end":{"line":24,"column":null}},"11":{"start":{"line":25,"column":4},"end":{"line":25,"column":null}},"12":{"start":{"line":27,"column":2},"end":{"line":27,"column":null}},"13":{"start":{"line":32,"column":2},"end":{"line":32,"column":null}}},"fnMap":{"0":{"name":"mulberry32","decl":{"start":{"line":9,"column":16},"end":{"line":9,"column":27}},"loc":{"start":{"line":9,"column":55},"end":{"line":18,"column":null}},"line":9},"1":{"name":"(anonymous_1)","decl":{"start":{"line":11,"column":9},"end":{"line":11,"column":21}},"loc":{"start":{"line":11,"column":21},"end":{"line":17,"column":null}},"line":11},"2":{"name":"hashSeed","decl":{"start":{"line":21,"column":16},"end":{"line":21,"column":25}},"loc":{"start":{"line":21,"column":46},"end":{"line":28,"column":null}},"line":21},"3":{"name":"pick","decl":{"start":{"line":31,"column":16},"end":{"line":31,"column":24}},"loc":{"start":{"line":31,"column":65},"end":{"line":33,"column":null}},"line":31}},"branchMap":{},"s":{"0":91,"1":91,"2":216,"3":216,"4":216,"5":216,"6":216,"7":91,"8":91,"9":91,"10":1962,"11":1962,"12":91,"13":20},"f":{"0":91,"1":216,"2":91,"3":20},"b":{},"meta":{"lastBranch":0,"lastFunction":4,"lastStatement":14,"seen":{"f:9:16:9:27":0,"s:10:10:10:Infinity":0,"s:11:2:17:Infinity":1,"f:11:9:11:21":1,"s:12:4:12:Infinity":2,"s:13:4:13:Infinity":3,"s:14:12:14:Infinity":4,"s:15:4:15:Infinity":5,"s:16:4:16:Infinity":6,"f:21:16:21:25":2,"s:22:10:22:Infinity":7,"s:23:2:26:Infinity":8,"s:23:15:23:18":9,"s:24:4:24:Infinity":10,"s:25:4:25:Infinity":11,"s:27:2:27:Infinity":12,"f:31:16:31:24":3,"s:32:2:32:Infinity":13},"fnNames":{}}}
}
